[22Mar2021 00:01:07.517] [Server thread/WARN] [net.minecraft.server.MinecraftServer/]: Can't keep up! Is the server overloaded? Running 2745ms or 54 ticks behind
[22Mar2021 00:04:28.735] [Server thread/INFO] [net.minecraft.server.dedicated.DedicatedServer/]: Jinwei was slain by Enderman
[22Mar2021 00:04:33.587] [Server thread/WARN] [net.minecraft.server.MinecraftServer/]: Can't keep up! Is the server overloaded? Running 2565ms or 51 ticks behind
[22Mar2021 00:29:17.182] [Server thread/WARN] [net.minecraft.server.MinecraftServer/]: Can't keep up! Is the server overloaded? Running 2010ms or 40 ticks behind
[22Mar2021 00:31:05.061] [Server thread/INFO] [net.minecraft.network.play.ServerPlayNetHandler/]: Jinwei lost connection: Disconnected
[22Mar2021 00:31:05.460] [Server thread/INFO] [net.minecraft.server.dedicated.DedicatedServer/]: Jinwei left the game
[22Mar2021 00:32:45.398] [Server thread/WARN] [net.minecraft.server.MinecraftServer/]: Can't keep up! Is the server overloaded? Running 3375ms or 67 ticks behind
[22Mar2021 00:34:12.602] [Server thread/WARN] [net.minecraft.server.MinecraftServer/]: Can't keep up! Is the server overloaded? Running 2130ms or 42 ticks behind
[22Mar2021 00:35:38.857] [Netty Server IO #7/INFO] [codechicken.lib.config.ConfigSyncManager/]: Skipping config sync, No mods have registered a syncable config.
[22Mar2021 00:35:39.037] [User Authenticator #3/INFO] [net.minecraft.network.login.ServerLoginNetHandler/]: UUID of player Jinwei is 687a8468-8a3a-44ef-9716-5b78b412f196
[22Mar2021 00:35:47.881] [Server thread/INFO] [net.minecraftforge.common.AdvancementLoadFix/]: Using new advancement loading for net.minecraft.advancements.PlayerAdvancements@64106fef
[22Mar2021 00:35:48.038] [Server thread/INFO] [net.minecraft.server.management.PlayerList/]: Jinwei[/10.6.220.21:1202] logged in with entity id 14156 at (9.095665143419387, 123.0, -321.8035442514801)
[22Mar2021 00:35:48.070] [Server thread/INFO] [net.minecraft.server.dedicated.DedicatedServer/]: Jinwei joined the game
[22Mar2021 00:36:11.999] [Server thread/WARN] [net.minecraft.server.MinecraftServer/]: Can't keep up! Is the server overloaded? Running 2127ms or 42 ticks behind
[22Mar2021 00:36:13.431] [Server thread/ERROR] [journeymap/]: Failed to read message for worldId: java.lang.IndexOutOfBoundsException: readerIndex(1) + length(1) exceeds writerIndex(1): PooledUnsafeDirectByteBuf(ridx: 1, widx: 1, cap: 1)
[22Mar2021 00:36:41.911] [Server thread/WARN] [net.minecraft.server.MinecraftServer/]: Can't keep up! Is the server overloaded? Running 14939ms or 298 ticks behind
[22Mar2021 00:36:48.888] [Server thread/INFO] [net.minecraft.server.dedicated.DedicatedServer/]: Jinwei hit the ground too hard
[22Mar2021 00:37:01.484] [Server thread/WARN] [net.minecraft.server.MinecraftServer/]: Can't keep up! Is the server overloaded? Running 2012ms or 40 ticks behind
[22Mar2021 00:38:31.781] [Server thread/INFO] [net.minecraft.server.dedicated.DedicatedServer/]: Jinwei was slain by Paul the Hunter
[22Mar2021 00:38:33.715] [Server thread/WARN] [net.minecraft.world.server.ServerWorld/]: Entity SkeletonEntity['Skeleton'/14575, l='ServerLevel[world]', x=-33.99, y=16.90, z=866.93] left loaded chunk area
[22Mar2021 00:38:43.168] [Server thread/WARN] [net.minecraft.server.MinecraftServer/]: Can't keep up! Is the server overloaded? Running 2046ms or 40 ticks behind
[22Mar2021 00:39:19.787] [Server thread/WARN] [net.minecraft.server.MinecraftServer/]: Can't keep up! Is the server overloaded? Running 2014ms or 40 ticks behind
[22Mar2021 00:39:46.198] [Server thread/WARN] [net.minecraft.server.MinecraftServer/]: Can't keep up! Is the server overloaded? Running 2326ms or 46 ticks behind
[22Mar2021 01:36:54.280] [Server thread/INFO] [net.minecraft.network.play.ServerPlayNetHandler/]: Jinwei lost connection: Disconnected
[22Mar2021 01:36:54.282] [Server thread/INFO] [net.minecraft.server.dedicated.DedicatedServer/]: Jinwei left the game
[22Mar2021 01:37:12.784] [Server thread/INFO] [net.minecraft.server.dedicated.DedicatedServer/]: Stopping the server
[22Mar2021 01:37:12.853] [Server thread/INFO] [net.minecraft.server.MinecraftServer/]: Stopping server
[22Mar2021 01:37:12.862] [Server thread/INFO] [net.minecraft.server.MinecraftServer/]: Saving players
[22Mar2021 01:37:12.867] [Server thread/INFO] [net.minecraft.server.MinecraftServer/]: Saving worlds
[22Mar2021 01:37:12.867] [Server thread/INFO] [net.minecraft.server.MinecraftServer/]: Saving chunks for level 'ServerLevel[world]'/minecraft:overworld
[22Mar2021 01:37:13.728] [Server thread/INFO] [net.minecraft.world.server.ChunkManager/]: ThreadedAnvilChunkStorage (world): All chunks are saved
[22Mar2021 01:37:13.729] [Server thread/INFO] [net.minecraft.server.MinecraftServer/]: Saving chunks for level 'ServerLevel[world]'/minecraft:the_nether
[22Mar2021 01:37:13.733] [Server thread/INFO] [net.minecraft.world.server.ChunkManager/]: ThreadedAnvilChunkStorage (DIM-1): All chunks are saved
[22Mar2021 01:37:13.734] [Server thread/INFO] [net.minecraft.server.MinecraftServer/]: Saving chunks for level 'ServerLevel[world]'/minecraft:the_end
[22Mar2021 01:37:13.740] [Server thread/INFO] [net.minecraft.world.server.ChunkManager/]: ThreadedAnvilChunkStorage (DIM1): All chunks are saved
[22Mar2021 01:37:13.743] [Server thread/INFO] [net.minecraft.server.MinecraftServer/]: Saving chunks for level 'ServerLevel[world]'/astral:inner_realm
[22Mar2021 01:37:13.746] [Server thread/INFO] [net.minecraft.world.server.ChunkManager/]: ThreadedAnvilChunkStorage (inner_realm): All chunks are saved
[22Mar2021 01:37:13.806] [Server thread/INFO] [net.minecraft.world.server.ChunkManager/]: ThreadedAnvilChunkStorage (world): All chunks are saved
[22Mar2021 01:37:13.826] [Server thread/INFO] [net.minecraft.world.server.ChunkManager/]: ThreadedAnvilChunkStorage (DIM-1): All chunks are saved
[22Mar2021 01:37:13.829] [Server thread/INFO] [net.minecraft.world.server.ChunkManager/]: ThreadedAnvilChunkStorage (DIM1): All chunks are saved
[22Mar2021 01:37:13.830] [Server thread/INFO] [net.minecraft.world.server.ChunkManager/]: ThreadedAnvilChunkStorage (inner_realm): All chunks are saved
[22Mar2021 01:37:13.838] [Server thread/INFO] [enderchests/]: Unloading EnderChest Data
[22Mar2021 01:37:13.839] [Server thread/INFO] [enderchests/]: Finished Unloading EnderChest Data
